Added Component: Designator=C1(CAP-SM-0603)
Add component. Clean all parameters for all variants
Add component (AddParameter): Name = "Value"; Value = "10uF/50V"; VariantName = "[No Variations]"
Added Component: Designator=C2(CAP-SM-0603)
Add component. Clean all parameters for all variants
Add component (AddParameter): Name = "Value"; Value = "22uF/50V"; VariantName = "[No Variations]"
Added Component: Designator=L1(INDUCTOR 12.5x12.5)
Add component. Clean all parameters for all variants
Add component (AddParameter): Name = "Value"; Value = "0.47uH/5A"; VariantName = "[No Variations]"
Added Component: Designator=P1(DOMINO 2- 5mm)
Add component. Clean all parameters for all variants
Add component (AddParameter): Name = "LatestRevisionDate"; Value = "17-Jul-2002"; VariantName = "[No Variations]"
Add component (AddParameter): Name = "LatestRevisionNote"; Value = "Re-released for DXP Platform."; VariantName = "[No Variations]"
Add component (AddParameter): Name = "Publisher"; Value = "Altium Limited"; VariantName = "[No Variations]"
Added Component: Designator=P2(DOMINO 2- 5mm)
Add component. Clean all parameters for all variants
Add component (AddParameter): Name = "LatestRevisionDate"; Value = "17-Jul-2002"; VariantName = "[No Variations]"
Add component (AddParameter): Name = "LatestRevisionNote"; Value = "Re-released for DXP Platform."; VariantName = "[No Variations]"
Add component (AddParameter): Name = "Publisher"; Value = "Altium Limited"; VariantName = "[No Variations]"
Added Component: Designator=R1(RES-SM-0603)
Add component. Clean all parameters for all variants
Add component (AddParameter): Name = "Value"; Value = "511k"; VariantName = "[No Variations]"
Added Component: Designator=R2(RES-SM-0603)
Add component. Clean all parameters for all variants
Add component (AddParameter): Name = "Value"; Value = "91k"; VariantName = "[No Variations]"
Added Component: Designator=R3(RES-SM-0603)
Add component. Clean all parameters for all variants
Add component (AddParameter): Name = "Value"; Value = "100k"; VariantName = "[No Variations]"
Added Component: Designator=U1(TPS63802)
Add component. Clean all parameters for all variants
Added Pin To Net: NetName=GND Pin=C1-1
Added Pin To Net: NetName=GND Pin=C2-1
Added Pin To Net: NetName=GND Pin=P1-1
Added Pin To Net: NetName=GND Pin=P2-2
Added Pin To Net: NetName=GND Pin=R2-2
Added Pin To Net: NetName=GND Pin=U1-2
Added Pin To Net: NetName=GND Pin=U1-3
Added Pin To Net: NetName=GND Pin=U1-8
Added Net: Name=GND
Added Pin To Net: NetName=NetC1_2 Pin=C1-2
Added Pin To Net: NetName=NetC1_2 Pin=P1-2
Added Pin To Net: NetName=NetC1_2 Pin=R3-2
Added Pin To Net: NetName=NetC1_2 Pin=U1-1
Added Pin To Net: NetName=NetC1_2 Pin=U1-10
Added Net: Name=NetC1_2
Added Pin To Net: NetName=NetL1_1 Pin=L1-1
Added Pin To Net: NetName=NetL1_1 Pin=U1-7
Added Net: Name=NetL1_1
Added Pin To Net: NetName=NetL1_2 Pin=L1-2
Added Pin To Net: NetName=NetL1_2 Pin=U1-9
Added Net: Name=NetL1_2
Added Pin To Net: NetName=NetR1_1 Pin=R1-1
Added Pin To Net: NetName=NetR1_1 Pin=R2-1
Added Pin To Net: NetName=NetR1_1 Pin=U1-4
Added Net: Name=NetR1_1
Added Pin To Net: NetName=NetR3_1 Pin=R3-1
Added Pin To Net: NetName=NetR3_1 Pin=U1-5
Added Net: Name=NetR3_1
Added Pin To Net: NetName=Vout Pin=C2-2
Added Pin To Net: NetName=Vout Pin=P2-1
Added Pin To Net: NetName=Vout Pin=R1-2
Added Pin To Net: NetName=Vout Pin=U1-6
Added Net: Name=Vout
Added Class: Name=buckboost fixed
