Added Component: Designator=*(TPS63802)
Add component. Clean all parameters for all variants
Added Component: Designator=C1(cap)
Add component. Clean all parameters for all variants
Added Component: Designator=C2(cap)
Add component. Clean all parameters for all variants
Added Component: Designator=L(coil)
Add component. Clean all parameters for all variants
Added Component: Designator=P1(DOMINO SMALL 2)
Add component. Clean all parameters for all variants
Add component (AddParameter): Name = "LatestRevisionDate"; Value = "17-Jul-2002"; VariantName = "[No Variations]"
Add component (AddParameter): Name = "LatestRevisionNote"; Value = "Re-released for DXP Platform."; VariantName = "[No Variations]"
Add component (AddParameter): Name = "Publisher"; Value = "Altium Limited"; VariantName = "[No Variations]"
Added Component: Designator=P2(DOMINO SMALL 2)
Add component. Clean all parameters for all variants
Add component (AddParameter): Name = "LatestRevisionDate"; Value = "17-Jul-2002"; VariantName = "[No Variations]"
Add component (AddParameter): Name = "LatestRevisionNote"; Value = "Re-released for DXP Platform."; VariantName = "[No Variations]"
Add component (AddParameter): Name = "Publisher"; Value = "Altium Limited"; VariantName = "[No Variations]"
Added Component: Designator=R1(resistor)
Add component. Clean all parameters for all variants
Added Component: Designator=R2(resistor)
Add component. Clean all parameters for all variants
Added Component: Designator=R3(resistor)
Add component. Clean all parameters for all variants
Added Pin To Net: NetName=Vin Pin=*-1
Added Pin To Net: NetName=GND Pin=*-2
Added Pin To Net: NetName=GND Pin=*-3
Added Pin To Net: NetName=Net*_4 Pin=*-4
Added Pin To Net: NetName=Net*_5 Pin=*-5
Added Pin To Net: NetName=Net*_6 Pin=*-6
Added Pin To Net: NetName=Net*_7 Pin=*-7
Added Pin To Net: NetName=GND Pin=*-8
Added Pin To Net: NetName=Net*_9 Pin=*-9
Added Pin To Net: NetName=Vin Pin=*-10
Added Pin To Net: NetName=Vin Pin=C1-1
Added Pin To Net: NetName=GND Pin=C1-2
Added Pin To Net: NetName=GND Pin=C2-1
Added Pin To Net: NetName=Net*_6 Pin=C2-2
Added Pin To Net: NetName=Net*_9 Pin=L-1
Added Pin To Net: NetName=Net*_7 Pin=L-2
Added Pin To Net: NetName=GND Pin=P1-1
Added Pin To Net: NetName=Vin Pin=P1-2
Added Pin To Net: NetName=Net*_6 Pin=P2-1
Added Pin To Net: NetName=GND Pin=P2-2
Added Pin To Net: NetName=Net*_6 Pin=R1-1
Added Pin To Net: NetName=Net*_4 Pin=R1-2
Added Pin To Net: NetName=GND Pin=R2-1
Added Pin To Net: NetName=Net*_4 Pin=R2-2
Added Pin To Net: NetName=Net*_5 Pin=R3-1
Added Pin To Net: NetName=Vin Pin=R3-2
Added Member To Class: ClassName=buckboost Member=Component * TPS63802
Added Member To Class: ClassName=buckboost Member=Component C1 10uF/10V
Added Member To Class: ClassName=buckboost Member=Component C2 22uF/10V
Added Member To Class: ClassName=buckboost Member=Component L 0.47uH/17.5A
Added Member To Class: ClassName=buckboost Member=Component P1 Domino 2
Added Member To Class: ClassName=buckboost Member=Component P2 Domino 2
Added Member To Class: ClassName=buckboost Member=Component R1 551kOhm
Added Member To Class: ClassName=buckboost Member=Component R2 91kOhm
Added Member To Class: ClassName=buckboost Member=Component R3 100kOhm
