Added Component: Designator=1(PCBComponent_1)
Add component. Clean all parameters for all variants
Added Component: Designator=105(PCBComponent_1)
Add component. Clean all parameters for all variants
Added Component: Designator=Cin(PCBComponent_1)
Add component. Clean all parameters for all variants
Added Component: Designator=Cout(PCBComponent_1)
Add component. Clean all parameters for all variants
Added Component: Designator=D1(1N5824)
Add component. Clean all parameters for all variants
Added Component: Designator=L(PCBComponent_1)
Add component. Clean all parameters for all variants
Added Component: Designator=P1(DOMINO SMALL 2)
Add component. Clean all parameters for all variants
Add component (AddParameter): Name = "LatestRevisionDate"; Value = "17-Jul-2002"; VariantName = "[No Variations]"
Add component (AddParameter): Name = "LatestRevisionNote"; Value = "Re-released for DXP Platform."; VariantName = "[No Variations]"
Add component (AddParameter): Name = "Publisher"; Value = "Altium Limited"; VariantName = "[No Variations]"
Added Component: Designator=p2(DOMINO SMALL 2)
Add component. Clean all parameters for all variants
Add component (AddParameter): Name = "LatestRevisionDate"; Value = "17-Jul-2002"; VariantName = "[No Variations]"
Add component (AddParameter): Name = "LatestRevisionNote"; Value = "Re-released for DXP Platform."; VariantName = "[No Variations]"
Add component (AddParameter): Name = "Publisher"; Value = "Altium Limited"; VariantName = "[No Variations]"
Added Component: Designator=R1(PCBComponent_1)
Add component. Clean all parameters for all variants
Added Component: Designator=R2(PCBComponent_1)
Add component. Clean all parameters for all variants
Added Component: Designator=XL6009(XL6009)
Add component. Clean all parameters for all variants
Added Pin To Net: NetName=GND Pin=1-2
Added Pin To Net: NetName=GND Pin=105-2
Added Pin To Net: NetName=GND Pin=Cin-2
Added Pin To Net: NetName=GND Pin=Cout-2
Added Pin To Net: NetName=GND Pin=P1-1
Added Pin To Net: NetName=GND Pin=p2-2
Added Pin To Net: NetName=GND Pin=R1-1
Added Pin To Net: NetName=GND Pin=XL6009-1
Added Net: Name=GND
Added Pin To Net: NetName=Net1_1 Pin=1-1
Added Pin To Net: NetName=Net1_1 Pin=Cout-1
Added Pin To Net: NetName=Net1_1 Pin=D1-1
Added Pin To Net: NetName=Net1_1 Pin=p2-1
Added Pin To Net: NetName=Net1_1 Pin=R2-2
Added Net: Name=Net1_1
Added Pin To Net: NetName=NetD1_2 Pin=D1-2
Added Pin To Net: NetName=NetD1_2 Pin=L-2
Added Pin To Net: NetName=NetD1_2 Pin=XL6009-3
Added Net: Name=NetD1_2
Added Pin To Net: NetName=NetR1_2 Pin=R1-2
Added Pin To Net: NetName=NetR1_2 Pin=R2-1
Added Pin To Net: NetName=NetR1_2 Pin=XL6009-5
Added Net: Name=NetR1_2
Added Pin To Net: NetName=Vin Pin=105-1
Added Pin To Net: NetName=Vin Pin=Cin-1
Added Pin To Net: NetName=Vin Pin=L-1
Added Pin To Net: NetName=Vin Pin=P1-2
Added Pin To Net: NetName=Vin Pin=XL6009-2
Added Pin To Net: NetName=Vin Pin=XL6009-4
Added Net: Name=Vin
Added Class: Name=XL6009
