Added Component: Designator=1(PCBComponent_1)
Add component. Clean all parameters for all variants
Added Component: Designator=105(PCBComponent_1)
Add component. Clean all parameters for all variants
Added Component: Designator=Cin(PCBComponent_1)
Add component. Clean all parameters for all variants
Added Component: Designator=Cout(Cin)
Add component. Clean all parameters for all variants
Added Component: Designator=D1(1N5824)
Add component. Clean all parameters for all variants
Added Component: Designator=L(PCBComponent_1)
Add component. Clean all parameters for all variants
Added Component: Designator=R1(PCBComponent_1)
Add component. Clean all parameters for all variants
Added Component: Designator=R2(PCBComponent_1)
Add component. Clean all parameters for all variants
Added Component: Designator=Vin+(P1)
Add component. Clean all parameters for all variants
Added Component: Designator=Vin-(P1)
Add component. Clean all parameters for all variants
Added Component: Designator=Vout+(P1)
Add component. Clean all parameters for all variants
Added Component: Designator=Vout-(P1)
Add component. Clean all parameters for all variants
Added Component: Designator=XL6009(XL6009)
Add component. Clean all parameters for all variants
Added Pin To Net: NetName=Net105_49 Pin=1-1
Added Pin To Net: NetName=GND Pin=1-2
Added Pin To Net: NetName=Net?_49 Pin=105-1
Added Pin To Net: NetName=GND Pin=105-2
Added Pin To Net: NetName=Net?_49 Pin=Cin-1
Added Pin To Net: NetName=GND Pin=Cin-2
Added Pin To Net: NetName=GND Pin=Cout-2
Added Pin To Net: NetName=Net105_49 Pin=D1-1
Added Pin To Net: NetName=NetD1_48 Pin=D1-2
Added Pin To Net: NetName=Net?_49 Pin=L-1
Added Pin To Net: NetName=NetD1_48 Pin=L-2
Added Pin To Net: NetName=NetR1_46 Pin=R2-1
Added Pin To Net: NetName=Net105_49 Pin=R2-2
Added Pin To Net: NetName=Net?_49 Pin=Vin+-21
Added Pin To Net: NetName=GND Pin=Vin--21
Added Pin To Net: NetName=Net105_49 Pin=Vout+-21
Added Pin To Net: NetName=GND Pin=Vout--21
Added Pin To Net: NetName=GND Pin=XL6009-1
Added Pin To Net: NetName=NetD1_48 Pin=XL6009-3
Added Pin To Net: NetName=Net?_49 Pin=XL6009-4
Added Pin To Net: NetName=NetR1_46 Pin=XL6009-5
Change Net Name : Old Net Name=Net105_49 New Net Name=Net1_1
Change Net Name : Old Net Name=Net?_49 New Net Name=Net105_1
Change Net Name : Old Net Name=NetD1_48 New Net Name=NetD1_2
Added Member To Class: ClassName=XL6009 Member=Component 1 105
Added Member To Class: ClassName=XL6009 Member=Component 105
Added Member To Class: ClassName=XL6009 Member=Component Cin capacitor
Added Member To Class: ClassName=XL6009 Member=Component Cout cap2
Added Member To Class: ClassName=XL6009 Member=Component D1 diode
Added Member To Class: ClassName=XL6009 Member=Component L Electrolytic Cap
Added Member To Class: ClassName=XL6009 Member=Component R1 1k Ohm
Added Member To Class: ClassName=XL6009 Member=Component R2 13,8k Ohm
Added Member To Class: ClassName=XL6009 Member=Component Vin+ p1
Added Member To Class: ClassName=XL6009 Member=Component Vin- p1
Added Member To Class: ClassName=XL6009 Member=Component Vout+ p1
Added Member To Class: ClassName=XL6009 Member=Component Vout- p1
Added Member To Class: ClassName=XL6009 Member=Component XL6009
Added Room: Name=XL6009
